
/home/runner/work/exp-perceptron-learning-iiith/exp-perceptron-learning-iiith/experiment/simulation/backend/venv/lib/python3.7/site-packages/werkzeug/debug/shared/debugger.js
    1:1   warning  '$' is not defined               no-undef
    2:8   warning  'EVALEX_TRUSTED' is not defined  no-undef
    9:7   warning  'CONSOLE_MODE' is not defined    no-undef
    9:23  warning  'EVALEX' is not defined          no-undef
   10:21  warning  '$' is not defined               no-undef
   13:3   warning  '$' is not defined               no-undef
   14:5   warning  '$' is not defined               no-undef
   17:3   warning  '$' is not defined               no-undef
   19:16  warning  '$' is not defined               no-undef
   24:7   warning  '$' is not defined               no-undef
   30:9   warning  'EVALEX' is not defined          no-undef
   31:7   warning  '$' is not defined               no-undef
   44:3   warning  '$' is not defined               no-undef
   45:5   warning  '$' is not defined               no-undef
   46:5   warning  '$' is not defined               no-undef
   48:3   warning  '$' is not defined               no-undef
   54:3   warning  '$' is not defined               no-undef
   58:63  warning  'EVALEX' is not defined          no-undef
   69:3   warning  '$' is not defined               no-undef
   71:19  warning  '$' is not defined               no-undef
   74:7   warning  '$' is not defined               no-undef
   77:49  warning  'TRACEBACK' is not defined       no-undef
   78:27  warning  'SECRET' is not defined          no-undef
   80:11  warning  '$' is not defined               no-undef
   83:21  warning  '$' is not defined               no-undef
   95:24  warning  '$' is not defined               no-undef
   96:30  warning  '$' is not defined               no-undef
  100:3   warning  '$' is not defined               no-undef
  105:5   warning  '$' is not defined               no-undef
  109:17  warning  'SECRET' is not defined          no-undef
  113:11  warning  'EVALEX_TRUSTED' is not defined  no-undef
  114:11  warning  '$' is not defined               no-undef
  133:8   warning  'EVALEX_TRUSTED' is not defined  no-undef
  134:5   warning  '$' is not defined               no-undef
  136:55  warning  'SECRET' is not defined          no-undef
  138:5   warning  '$' is not defined               no-undef
  139:7   warning  '$' is not defined               no-undef
  152:17  warning  '$' is not defined               no-undef
  156:16  warning  '$' is not defined               no-undef
  158:14  warning  '$' is not defined               no-undef
  161:7   warning  '$' is not defined               no-undef
  162:59  warning  'SECRET' is not defined          no-undef
  163:19  warning  '$' is not defined               no-undef
  164:9   warning  '$' is not defined               no-undef
  165:24  warning  '$' is not defined               no-undef
  168:21  warning  '$' is not defined               no-undef
  171:17  warning  '$' is not defined               no-undef
  189:17  warning  '$' is not defined               no-undef

/home/runner/work/exp-perceptron-learning-iiith/exp-perceptron-learning-iiith/experiment/simulation/backend/venv/lib/python3.7/site-packages/werkzeug/debug/shared/jquery.js
  2:71     warning  'module' is not defined                                                    no-undef
  2:86     warning  'module' is not defined                                                    no-undef
  2:5433   warning  Unexpected control character(s) in regular expression: \x1f, \x1f          no-control-regex
  2:5916   warning  Expected a conditional expression and instead saw an assignment            no-cond-assign
  2:6170   warning  Expected a conditional expression and instead saw an assignment            no-cond-assign
  2:6614   warning  Expected a conditional expression and instead saw an assignment            no-cond-assign
  2:7404   warning  Expected a conditional expression and instead saw an assignment            no-cond-assign
  2:9497   warning  Expected a conditional expression and instead saw an assignment            no-cond-assign
  2:9807   warning  Expected a conditional expression and instead saw an assignment            no-cond-assign
  2:11608  warning  Expected a conditional expression and instead saw an assignment            no-cond-assign
  2:12183  warning  Expected a conditional expression and instead saw an assignment            no-cond-assign
  2:12221  warning  Expected a conditional expression and instead saw an assignment            no-cond-assign
  2:13234  warning  Expected a conditional expression and instead saw an assignment            no-cond-assign
  2:13546  warning  Expected a conditional expression and instead saw an assignment            no-cond-assign
  2:15374  warning  Expected a conditional expression and instead saw an assignment            no-cond-assign
  2:15645  warning  Expected a conditional expression and instead saw an assignment            no-cond-assign
  2:15843  warning  Expected a conditional expression and instead saw an assignment            no-cond-assign
  2:16217  warning  Do not access Object.prototype method 'hasOwnProperty' from target object  no-prototype-builtins
  2:16907  warning  Expected a conditional expression and instead saw an assignment            no-cond-assign
  2:18727  warning  Expected a conditional expression and instead saw an assignment            no-cond-assign
  2:18827  warning  Expected a conditional expression and instead saw an assignment            no-cond-assign
  2:18887  warning  Expected a conditional expression and instead saw an assignment            no-cond-assign
  2:19071  warning  Expected a conditional expression and instead saw an assignment            no-cond-assign
  2:20240  warning  Expected a conditional expression and instead saw an assignment            no-cond-assign
  2:21514  warning  Expected a conditional expression and instead saw an assignment            no-cond-assign
  2:21625  warning  Expected a conditional expression and instead saw an assignment            no-cond-assign
  2:23791  warning  Unnecessary escape character: \/                                           no-useless-escape
  2:33395  warning  Empty block statement                                                      no-empty
  2:37269  warning  Unnecessary escape character: \/                                           no-useless-escape
  2:38490  warning  Expected a conditional expression and instead saw an assignment            no-cond-assign
  2:38606  warning  Expected a conditional expression and instead saw an assignment            no-cond-assign
  2:39234  warning  Empty block statement                                                      no-empty
  2:46727  warning  Unnecessary escape character: \/                                           no-useless-escape
  2:49033  warning  Expected a conditional expression and instead saw an assignment            no-cond-assign
  2:50593  warning  Empty block statement                                                      no-empty
  2:58406  warning  Expected a conditional expression and instead saw an assignment            no-cond-assign
  2:59575  warning  Expected a conditional expression and instead saw an assignment            no-cond-assign
  2:65215  warning  Expected a conditional expression and instead saw an assignment            no-cond-assign
  2:66958  warning  Expected a conditional expression and instead saw an assignment            no-cond-assign
  2:67024  warning  Expected a conditional expression and instead saw an assignment            no-cond-assign
  2:67328  warning  Expected a conditional expression and instead saw an assignment            no-cond-assign
  2:67394  warning  Expected a conditional expression and instead saw an assignment            no-cond-assign
  2:67801  warning  Expected a conditional expression and instead saw an assignment            no-cond-assign
  2:68078  warning  Expected a conditional expression and instead saw an assignment            no-cond-assign
  2:73449  warning  Expected a conditional expression and instead saw an assignment            no-cond-assign
  2:75043  warning  Expected a conditional expression and instead saw an assignment            no-cond-assign
  2:75823  warning  'r.href' is assigned to itself                                             no-self-assign
  2:80414  warning  Empty block statement                                                      no-empty
  2:83525  warning  Expected a conditional expression and instead saw an assignment            no-cond-assign
  2:87869  warning  'define' is not defined                                                    no-undef
  2:87881  warning  'define' is not defined                                                    no-undef

✖ 99 problems (0 errors, 99 warnings)

